{
  "RSpec": {
    "coverage": {
      "/workspace/reviewatron/app/models/user.rb": [
        1,
        null,
        null,
        1,
        null,
        1,
        1,
        null
      ],
      "/workspace/reviewatron/app/helpers/application_helper.rb": [
        1,
        null
      ],
      "/workspace/reviewatron/app/helpers/entries_helper.rb": [
        1,
        null
      ],
      "/workspace/reviewatron/app/helpers/landing_helper.rb": [
        1,
        null
      ],
      "/workspace/reviewatron/app/models/core_value.rb": [
        1,
        1,
        1,
        1,
        null
      ],
      "/workspace/reviewatron/app/models/quality.rb": [
        1,
        1,
        1,
        1,
        1,
        null
      ],
      "/workspace/reviewatron/app/models/entry_quality.rb": [
        1,
        1,
        1,
        null
      ],
      "/workspace/reviewatron/app/models/entry.rb": [
        1,
        1,
        1,
        1,
        1,
        1,
        null
      ],
      "/workspace/reviewatron/app/controllers/application_controller.rb": [
        0,
        0,
        0,
        0,
        0,
        0
      ],
      "/workspace/reviewatron/app/controllers/entries_controller.rb": [
        0,
        0,
        0,
        0,
        0,
        0,
        0,
        0,
        0,
        0,
        0,
        0,
        0,
        0,
        0,
        0,
        0,
        0,
        0,
        0
      ]
    },
    "timestamp": 1462722411
  }
}
